<?xml version="1.0" encoding="UTF-8"?>
<testsuite xmlns:xsi="http://www.w3.org/2001/XMLSchema-instance" xsi:noNamespaceSchemaLocation="https://maven.apache.org/surefire/maven-surefire-plugin/xsd/surefire-test-report-3.0.xsd" version="3.0" name="TestSuite" time="49.294" tests="34" errors="0" skipped="0" failures="17">
  <properties>
    <property name="java.specification.version" value="17"/>
    <property name="sun.cpu.isalist" value="amd64"/>
    <property name="sun.jnu.encoding" value="Cp1252"/>
    <property name="java.class.path" value="C:\Users\premb\eclipse-workspace\RestAssuredAPITesting_Employee\target\test-classes;C:\Users\premb\eclipse-workspace\RestAssuredAPITesting_Employee\target\classes;C:\Users\premb\.m2\repository\io\rest-assured\rest-assured\4.5.0\rest-assured-4.5.0.jar;C:\Users\premb\.m2\repository\org\codehaus\groovy\groovy\3.0.9\groovy-3.0.9.jar;C:\Users\premb\.m2\repository\org\codehaus\groovy\groovy-xml\3.0.9\groovy-xml-3.0.9.jar;C:\Users\premb\.m2\repository\org\apache\httpcomponents\httpclient\4.5.13\httpclient-4.5.13.jar;C:\Users\premb\.m2\repository\org\apache\httpcomponents\httpcore\4.4.13\httpcore-4.4.13.jar;C:\Users\premb\.m2\repository\commons-logging\commons-logging\1.2\commons-logging-1.2.jar;C:\Users\premb\.m2\repository\org\apache\httpcomponents\httpmime\4.5.13\httpmime-4.5.13.jar;C:\Users\premb\.m2\repository\org\hamcrest\hamcrest\2.1\hamcrest-2.1.jar;C:\Users\premb\.m2\repository\org\ccil\cowan\tagsoup\tagsoup\1.2.1\tagsoup-1.2.1.jar;C:\Users\premb\.m2\repository\io\rest-assured\json-path\4.5.0\json-path-4.5.0.jar;C:\Users\premb\.m2\repository\org\codehaus\groovy\groovy-json\3.0.9\groovy-json-3.0.9.jar;C:\Users\premb\.m2\repository\io\rest-assured\rest-assured-common\4.5.0\rest-assured-common-4.5.0.jar;C:\Users\premb\.m2\repository\io\rest-assured\xml-path\4.5.0\xml-path-4.5.0.jar;C:\Users\premb\.m2\repository\org\apache\commons\commons-lang3\3.11\commons-lang3-3.11.jar;C:\Users\premb\.m2\repository\org\testng\testng\7.5\testng-7.5.jar;C:\Users\premb\.m2\repository\com\google\code\findbugs\jsr305\3.0.1\jsr305-3.0.1.jar;C:\Users\premb\.m2\repository\org\slf4j\slf4j-api\1.7.32\slf4j-api-1.7.32.jar;C:\Users\premb\.m2\repository\com\beust\jcommander\1.78\jcommander-1.78.jar;C:\Users\premb\.m2\repository\org\webjars\jquery\3.5.1\jquery-3.5.1.jar;C:\Users\premb\.m2\repository\com\googlecode\json-simple\json-simple\1.1.1\json-simple-1.1.1.jar;C:\Users\premb\.m2\repository\junit\junit\4.10\junit-4.10.jar;C:\Users\premb\.m2\repository\org\hamcrest\hamcrest-core\1.1\hamcrest-core-1.1.jar;C:\Users\premb\.m2\repository\org\apache\poi\poi\5.2.0\poi-5.2.0.jar;C:\Users\premb\.m2\repository\commons-codec\commons-codec\1.15\commons-codec-1.15.jar;C:\Users\premb\.m2\repository\org\apache\commons\commons-collections4\4.4\commons-collections4-4.4.jar;C:\Users\premb\.m2\repository\org\apache\commons\commons-math3\3.6.1\commons-math3-3.6.1.jar;C:\Users\premb\.m2\repository\commons-io\commons-io\2.11.0\commons-io-2.11.0.jar;C:\Users\premb\.m2\repository\com\zaxxer\SparseBitSet\1.2\SparseBitSet-1.2.jar;C:\Users\premb\.m2\repository\org\apache\poi\poi-ooxml\5.2.0\poi-ooxml-5.2.0.jar;C:\Users\premb\.m2\repository\org\apache\poi\poi-ooxml-lite\5.2.0\poi-ooxml-lite-5.2.0.jar;C:\Users\premb\.m2\repository\org\apache\xmlbeans\xmlbeans\5.0.3\xmlbeans-5.0.3.jar;C:\Users\premb\.m2\repository\org\apache\commons\commons-compress\1.21\commons-compress-1.21.jar;C:\Users\premb\.m2\repository\com\github\virtuald\curvesapi\1.06\curvesapi-1.06.jar;C:\Users\premb\.m2\repository\org\apache\logging\log4j\log4j-api\2.17.1\log4j-api-2.17.1.jar;C:\Users\premb\.m2\repository\org\apache\logging\log4j\log4j-core\2.17.1\log4j-core-2.17.1.jar;C:\Users\premb\.m2\repository\com\aventstack\extentreports\5.0.9\extentreports-5.0.9.jar;C:\Users\premb\.m2\repository\io\reactivex\rxjava3\rxjava\3.0.4\rxjava-3.0.4.jar;C:\Users\premb\.m2\repository\org\reactivestreams\reactive-streams\1.0.3\reactive-streams-1.0.3.jar;C:\Users\premb\.m2\repository\org\freemarker\freemarker\2.3.30\freemarker-2.3.30.jar;C:\Users\premb\.m2\repository\org\projectlombok\lombok\1.18.12\lombok-1.18.12.jar;C:\Users\premb\.m2\repository\com\google\code\gson\gson\2.8.6\gson-2.8.6.jar;"/>
    <property name="java.vm.vendor" value="Oracle Corporation"/>
    <property name="sun.arch.data.model" value="64"/>
    <property name="user.variant" value=""/>
    <property name="java.vendor.url" value="https://java.oracle.com/"/>
    <property name="user.timezone" value="America/Los_Angeles"/>
    <property name="os.name" value="Windows 10"/>
    <property name="java.vm.specification.version" value="17"/>
    <property name="sun.java.launcher" value="SUN_STANDARD"/>
    <property name="user.country" value="US"/>
    <property name="sun.boot.library.path" value="C:\Program Files\Java\jdk-17\bin"/>
    <property name="sun.java.command" value="C:\Users\premb\AppData\Local\Temp\surefire16761796043187480766\surefirebooter1918112363831097072.jar C:\Users\premb\AppData\Local\Temp\surefire16761796043187480766 2022-02-28T13-31-01_979-jvmRun1 surefire11878272369907718323tmp surefire_010549223192820815199tmp"/>
    <property name="jdk.debug" value="release"/>
    <property name="surefire.test.class.path" value="C:\Users\premb\eclipse-workspace\RestAssuredAPITesting_Employee\target\test-classes;C:\Users\premb\eclipse-workspace\RestAssuredAPITesting_Employee\target\classes;C:\Users\premb\.m2\repository\io\rest-assured\rest-assured\4.5.0\rest-assured-4.5.0.jar;C:\Users\premb\.m2\repository\org\codehaus\groovy\groovy\3.0.9\groovy-3.0.9.jar;C:\Users\premb\.m2\repository\org\codehaus\groovy\groovy-xml\3.0.9\groovy-xml-3.0.9.jar;C:\Users\premb\.m2\repository\org\apache\httpcomponents\httpclient\4.5.13\httpclient-4.5.13.jar;C:\Users\premb\.m2\repository\org\apache\httpcomponents\httpcore\4.4.13\httpcore-4.4.13.jar;C:\Users\premb\.m2\repository\commons-logging\commons-logging\1.2\commons-logging-1.2.jar;C:\Users\premb\.m2\repository\org\apache\httpcomponents\httpmime\4.5.13\httpmime-4.5.13.jar;C:\Users\premb\.m2\repository\org\hamcrest\hamcrest\2.1\hamcrest-2.1.jar;C:\Users\premb\.m2\repository\org\ccil\cowan\tagsoup\tagsoup\1.2.1\tagsoup-1.2.1.jar;C:\Users\premb\.m2\repository\io\rest-assured\json-path\4.5.0\json-path-4.5.0.jar;C:\Users\premb\.m2\repository\org\codehaus\groovy\groovy-json\3.0.9\groovy-json-3.0.9.jar;C:\Users\premb\.m2\repository\io\rest-assured\rest-assured-common\4.5.0\rest-assured-common-4.5.0.jar;C:\Users\premb\.m2\repository\io\rest-assured\xml-path\4.5.0\xml-path-4.5.0.jar;C:\Users\premb\.m2\repository\org\apache\commons\commons-lang3\3.11\commons-lang3-3.11.jar;C:\Users\premb\.m2\repository\org\testng\testng\7.5\testng-7.5.jar;C:\Users\premb\.m2\repository\com\google\code\findbugs\jsr305\3.0.1\jsr305-3.0.1.jar;C:\Users\premb\.m2\repository\org\slf4j\slf4j-api\1.7.32\slf4j-api-1.7.32.jar;C:\Users\premb\.m2\repository\com\beust\jcommander\1.78\jcommander-1.78.jar;C:\Users\premb\.m2\repository\org\webjars\jquery\3.5.1\jquery-3.5.1.jar;C:\Users\premb\.m2\repository\com\googlecode\json-simple\json-simple\1.1.1\json-simple-1.1.1.jar;C:\Users\premb\.m2\repository\junit\junit\4.10\junit-4.10.jar;C:\Users\premb\.m2\repository\org\hamcrest\hamcrest-core\1.1\hamcrest-core-1.1.jar;C:\Users\premb\.m2\repository\org\apache\poi\poi\5.2.0\poi-5.2.0.jar;C:\Users\premb\.m2\repository\commons-codec\commons-codec\1.15\commons-codec-1.15.jar;C:\Users\premb\.m2\repository\org\apache\commons\commons-collections4\4.4\commons-collections4-4.4.jar;C:\Users\premb\.m2\repository\org\apache\commons\commons-math3\3.6.1\commons-math3-3.6.1.jar;C:\Users\premb\.m2\repository\commons-io\commons-io\2.11.0\commons-io-2.11.0.jar;C:\Users\premb\.m2\repository\com\zaxxer\SparseBitSet\1.2\SparseBitSet-1.2.jar;C:\Users\premb\.m2\repository\org\apache\poi\poi-ooxml\5.2.0\poi-ooxml-5.2.0.jar;C:\Users\premb\.m2\repository\org\apache\poi\poi-ooxml-lite\5.2.0\poi-ooxml-lite-5.2.0.jar;C:\Users\premb\.m2\repository\org\apache\xmlbeans\xmlbeans\5.0.3\xmlbeans-5.0.3.jar;C:\Users\premb\.m2\repository\org\apache\commons\commons-compress\1.21\commons-compress-1.21.jar;C:\Users\premb\.m2\repository\com\github\virtuald\curvesapi\1.06\curvesapi-1.06.jar;C:\Users\premb\.m2\repository\org\apache\logging\log4j\log4j-api\2.17.1\log4j-api-2.17.1.jar;C:\Users\premb\.m2\repository\org\apache\logging\log4j\log4j-core\2.17.1\log4j-core-2.17.1.jar;C:\Users\premb\.m2\repository\com\aventstack\extentreports\5.0.9\extentreports-5.0.9.jar;C:\Users\premb\.m2\repository\io\reactivex\rxjava3\rxjava\3.0.4\rxjava-3.0.4.jar;C:\Users\premb\.m2\repository\org\reactivestreams\reactive-streams\1.0.3\reactive-streams-1.0.3.jar;C:\Users\premb\.m2\repository\org\freemarker\freemarker\2.3.30\freemarker-2.3.30.jar;C:\Users\premb\.m2\repository\org\projectlombok\lombok\1.18.12\lombok-1.18.12.jar;C:\Users\premb\.m2\repository\com\google\code\gson\gson\2.8.6\gson-2.8.6.jar;"/>
    <property name="sun.cpu.endian" value="little"/>
    <property name="user.home" value="C:\Users\premb"/>
    <property name="user.language" value="en"/>
    <property name="java.specification.vendor" value="Oracle Corporation"/>
    <property name="java.version.date" value="2021-09-14"/>
    <property name="java.home" value="C:\Program Files\Java\jdk-17"/>
    <property name="file.separator" value="\"/>
    <property name="basedir" value="C:\Users\premb\eclipse-workspace\RestAssuredAPITesting_Employee"/>
    <property name="java.vm.compressedOopsMode" value="32-bit"/>
    <property name="line.separator" value="&#10;"/>
    <property name="java.vm.specification.vendor" value="Oracle Corporation"/>
    <property name="java.specification.name" value="Java Platform API Specification"/>
    <property name="surefire.real.class.path" value="C:\Users\premb\AppData\Local\Temp\surefire16761796043187480766\surefirebooter1918112363831097072.jar"/>
    <property name="user.script" value=""/>
    <property name="sun.management.compiler" value="HotSpot 64-Bit Tiered Compilers"/>
    <property name="java.runtime.version" value="17+35-LTS-2724"/>
    <property name="user.name" value="premb"/>
    <property name="path.separator" value=";"/>
    <property name="os.version" value="10.0"/>
    <property name="java.runtime.name" value="Java(TM) SE Runtime Environment"/>
    <property name="file.encoding" value="Cp1252"/>
    <property name="java.vm.name" value="Java HotSpot(TM) 64-Bit Server VM"/>
    <property name="localRepository" value="C:\Users\premb\.m2\repository"/>
    <property name="java.vendor.url.bug" value="https://bugreport.java.com/bugreport/"/>
    <property name="java.io.tmpdir" value="C:\Users\premb\AppData\Local\Temp\"/>
    <property name="java.version" value="17"/>
    <property name="user.dir" value="C:\Users\premb\eclipse-workspace\RestAssuredAPITesting_Employee"/>
    <property name="os.arch" value="amd64"/>
    <property name="java.vm.specification.name" value="Java Virtual Machine Specification"/>
    <property name="sun.os.patch.level" value=""/>
    <property name="native.encoding" value="Cp1252"/>
    <property name="java.library.path" value="C:\Program Files\Java\jdk-17\bin;C:\WINDOWS\Sun\Java\bin;C:\WINDOWS\system32;C:\WINDOWS;C:/Users/premb/.p2/pool/plugins/org.eclipse.justj.openjdk.hotspot.jre.full.win32.x86_64_16.0.2.v20210721-1149/jre/bin/server;C:/Users/premb/.p2/pool/plugins/org.eclipse.justj.openjdk.hotspot.jre.full.win32.x86_64_16.0.2.v20210721-1149/jre/bin;C:\Program Files\Common Files\Oracle\Java\javapath;C:\Program Files\Microsoft MPI\Bin\;C:\OracleDB\WINDOWS.X64_193000_db_home\bin;C:\WINDOWS\system32;C:\WINDOWS;C:\WINDOWS\System32\Wbem;C:\WINDOWS\System32\WindowsPowerShell\v1.0\;C:\WINDOWS\System32\OpenSSH\;C:\Users\premb\Documents\2.Prema\chromedriver;C:\Program Files\Azure Data Studio\bin;C:\Program Files\Microsoft SQL Server\Client SDK\ODBC\170\Tools\Binn\;C:\Program Files (x86)\Microsoft SQL Server\150\Tools\Binn\;C:\Program Files\Microsoft SQL Server\150\Tools\Binn\;C:\Program Files\Microsoft SQL Server\150\DTS\Binn\;C:\Program Files (x86)\Microsoft SQL Server\150\DTS\Binn\;C:\Users\premb\apache-maven-3.8.3-bin\apache-maven-3.8.3\bin\;C:\Program Files\Java\jdk-11.0.12\bin\;C:\Program Files\Java\jdk-17\bin\;C:\Program Files\Java\jdk-11.0.12;C:\Users\premb\apache-maven-3.8.3-bin\apache-maven-3.8.3\;C:\Users\premb\apache-maven-3.8.3-bin\apache-maven-3.8.3\;C:\Program Files\Java\jdk-11.0.12\bin;C:\Program Files\Git\cmd;C:\Users\premb\AppData\Local\Microsoft\WindowsApps;;C:\Program Files\Azure Data Studio\bin;C:\Users\premb\Desktop;;."/>
    <property name="java.vm.info" value="mixed mode, sharing"/>
    <property name="java.vendor" value="Oracle Corporation"/>
    <property name="java.vm.version" value="17+35-LTS-2724"/>
    <property name="sun.io.unicode.encoding" value="UnicodeLittle"/>
    <property name="java.class.version" value="61.0"/>
  </properties>
  <testcase name="checkContentLength" classname="com.employeeapi.testCases.TC001_Get_All_Employees" time="0.019">
    <system-err><![CDATA[SLF4J: Failed to load class "org.slf4j.impl.StaticLoggerBinder".
SLF4J: Defaulting to no-operation (NOP) logger implementation
SLF4J: See http://www.slf4j.org/codes.html#StaticLoggerBinder for further details.
]]></system-err>
  </testcase>
  <testcase name="checkContentType" classname="com.employeeapi.testCases.TC001_Get_All_Employees" time="0.005">
    <failure message="expected [application/json] but found [text/html; charset=iso-8859-1]" type="java.lang.AssertionError"><![CDATA[java.lang.AssertionError: expected [application/json] but found [text/html; charset=iso-8859-1]
	at com.employeeapi.testCases.TC001_Get_All_Employees.checkContentType(TC001_Get_All_Employees.java:90)
]]></failure>
  </testcase>
  <testcase name="checkCookies" classname="com.employeeapi.testCases.TC001_Get_All_Employees" time="0"/>
  <testcase name="checkResponseTime" classname="com.employeeapi.testCases.TC001_Get_All_Employees" time="0.001"/>
  <testcase name="checkResposeBody" classname="com.employeeapi.testCases.TC001_Get_All_Employees" time="0.017"/>
  <testcase name="checkStatusCode" classname="com.employeeapi.testCases.TC001_Get_All_Employees" time="0.002">
    <failure message="expected [200] but found [500]" type="java.lang.AssertionError"><![CDATA[java.lang.AssertionError: expected [200] but found [500]
	at com.employeeapi.testCases.TC001_Get_All_Employees.checkStatusCode(TC001_Get_All_Employees.java:56)
]]></failure>
  </testcase>
  <testcase name="checkcontentEncoding" classname="com.employeeapi.testCases.TC001_Get_All_Employees" time="0.002">
    <failure message="expected [gzip] but found [null]" type="java.lang.AssertionError"><![CDATA[java.lang.AssertionError: expected [gzip] but found [null]
	at com.employeeapi.testCases.TC001_Get_All_Employees.checkcontentEncoding(TC001_Get_All_Employees.java:109)
]]></failure>
  </testcase>
  <testcase name="checkserverType" classname="com.employeeapi.testCases.TC001_Get_All_Employees" time="0.001"/>
  <testcase name="checkstatusLine" classname="com.employeeapi.testCases.TC001_Get_All_Employees" time="0.002">
    <failure message="expected [HTTP/1.1 200 OK] but found [HTTP/1.1 500 Internal Server Error]" type="java.lang.AssertionError"><![CDATA[java.lang.AssertionError: expected [HTTP/1.1 200 OK] but found [HTTP/1.1 500 Internal Server Error]
	at com.employeeapi.testCases.TC001_Get_All_Employees.checkstatusLine(TC001_Get_All_Employees.java:80)
]]></failure>
  </testcase>
  <testcase name="checkContentLenght" classname="com.employeeapi.testCases.TC002_Get_Single_Employee_Record" time="0.002"/>
  <testcase name="checkContentType" classname="com.employeeapi.testCases.TC002_Get_Single_Employee_Record" time="0"/>
  <testcase name="checkResponseTime" classname="com.employeeapi.testCases.TC002_Get_Single_Employee_Record" time="0.001">
    <failure message="expected [true] but found [false]" type="java.lang.AssertionError"><![CDATA[java.lang.AssertionError: expected [true] but found [false]
	at com.employeeapi.testCases.TC002_Get_Single_Employee_Record.checkResponseTime(TC002_Get_Single_Employee_Record.java:58)
]]></failure>
  </testcase>
  <testcase name="checkResposeBody" classname="com.employeeapi.testCases.TC002_Get_Single_Employee_Record" time="0.002"/>
  <testcase name="checkStatusCode" classname="com.employeeapi.testCases.TC002_Get_Single_Employee_Record" time="0.008"/>
  <testcase name="checkserverType" classname="com.employeeapi.testCases.TC002_Get_Single_Employee_Record" time="0.001"/>
  <testcase name="checkstatusLine" classname="com.employeeapi.testCases.TC002_Get_Single_Employee_Record" time="0.001"/>
  <testcase name="checkContentType" classname="com.employeeapi.testCases.TC003_Post_Employee_Record" time="0.001">
    <failure message="expected [application/json] but found [text/html; charset=iso-8859-1]" type="java.lang.AssertionError"><![CDATA[java.lang.AssertionError: expected [application/json] but found [text/html; charset=iso-8859-1]
	at com.employeeapi.testCases.TC003_Post_Employee_Record.checkContentType(TC003_Post_Employee_Record.java:85)
]]></failure>
  </testcase>
  <testcase name="checkResposeBody" classname="com.employeeapi.testCases.TC003_Post_Employee_Record" time="0.001">
    <failure message="expected [true] but found [false]" type="java.lang.AssertionError"><![CDATA[java.lang.AssertionError: expected [true] but found [false]
	at com.employeeapi.testCases.TC003_Post_Employee_Record.checkResposeBody(TC003_Post_Employee_Record.java:64)
]]></failure>
  </testcase>
  <testcase name="checkStatusCode" classname="com.employeeapi.testCases.TC003_Post_Employee_Record" time="0">
    <failure message="expected [200] but found [404]" type="java.lang.AssertionError"><![CDATA[java.lang.AssertionError: expected [200] but found [404]
	at com.employeeapi.testCases.TC003_Post_Employee_Record.checkStatusCode(TC003_Post_Employee_Record.java:72)
]]></failure>
  </testcase>
  <testcase name="checkcontentEncoding" classname="com.employeeapi.testCases.TC003_Post_Employee_Record" time="0"/>
  <testcase name="checkserverType" classname="com.employeeapi.testCases.TC003_Post_Employee_Record" time="0.001"/>
  <testcase name="checkstatusLine" classname="com.employeeapi.testCases.TC003_Post_Employee_Record" time="0.001">
    <failure message="expected [HTTP/1.1 200 OK] but found [HTTP/1.1 404 Not Found]" type="java.lang.AssertionError"><![CDATA[java.lang.AssertionError: expected [HTTP/1.1 200 OK] but found [HTTP/1.1 404 Not Found]
	at com.employeeapi.testCases.TC003_Post_Employee_Record.checkstatusLine(TC003_Post_Employee_Record.java:78)
]]></failure>
  </testcase>
  <testcase name="checkContentType" classname="com.employeeapi.testCases.TC004_Put_Employee_Record" time="0.009">
    <failure message="expected [application/json] but found [text/html; charset=iso-8859-1]" type="java.lang.AssertionError"><![CDATA[java.lang.AssertionError: expected [application/json] but found [text/html; charset=iso-8859-1]
	at com.employeeapi.testCases.TC004_Put_Employee_Record.checkContentType(TC004_Put_Employee_Record.java:85)
]]></failure>
  </testcase>
  <testcase name="checkResposeBody" classname="com.employeeapi.testCases.TC004_Put_Employee_Record" time="0.005">
    <failure message="expected [true] but found [false]" type="java.lang.AssertionError"><![CDATA[java.lang.AssertionError: expected [true] but found [false]
	at com.employeeapi.testCases.TC004_Put_Employee_Record.checkResposeBody(TC004_Put_Employee_Record.java:64)
]]></failure>
  </testcase>
  <testcase name="checkStatusCode" classname="com.employeeapi.testCases.TC004_Put_Employee_Record" time="0">
    <failure message="expected [200] but found [404]" type="java.lang.AssertionError"><![CDATA[java.lang.AssertionError: expected [200] but found [404]
	at com.employeeapi.testCases.TC004_Put_Employee_Record.checkStatusCode(TC004_Put_Employee_Record.java:72)
]]></failure>
  </testcase>
  <testcase name="checkcontentEncoding" classname="com.employeeapi.testCases.TC004_Put_Employee_Record" time="0.006"/>
  <testcase name="checkserverType" classname="com.employeeapi.testCases.TC004_Put_Employee_Record" time="0.018"/>
  <testcase name="checkstatusLine" classname="com.employeeapi.testCases.TC004_Put_Employee_Record" time="0">
    <failure message="expected [HTTP/1.1 200 OK] but found [HTTP/1.1 404 Not Found]" type="java.lang.AssertionError"><![CDATA[java.lang.AssertionError: expected [HTTP/1.1 200 OK] but found [HTTP/1.1 404 Not Found]
	at com.employeeapi.testCases.TC004_Put_Employee_Record.checkstatusLine(TC004_Put_Employee_Record.java:78)
]]></failure>
  </testcase>
  <testcase name="checkResponseBody" classname="com.employeeapi.testCases.TC005_Delete_Employee_Record" time="0">
    <failure message="expected [true] but found [false]" type="java.lang.AssertionError"><![CDATA[java.lang.AssertionError: expected [true] but found [false]
	at com.employeeapi.testCases.TC005_Delete_Employee_Record.checkResponseBody(TC005_Delete_Employee_Record.java:62)
]]></failure>
  </testcase>
  <testcase name="checkStatusCode" classname="com.employeeapi.testCases.TC005_Delete_Employee_Record" time="0.015">
    <failure message="expected [200] but found [404]" type="java.lang.AssertionError"><![CDATA[java.lang.AssertionError: expected [200] but found [404]
	at com.employeeapi.testCases.TC005_Delete_Employee_Record.checkStatusCode(TC005_Delete_Employee_Record.java:69)
]]></failure>
  </testcase>
  <testcase name="checkStatusLine" classname="com.employeeapi.testCases.TC005_Delete_Employee_Record" time="0.004">
    <failure message="expected [HTTP/1.1 200 OK] but found [HTTP/1.1 404 Not Found]" type="java.lang.AssertionError"><![CDATA[java.lang.AssertionError: expected [HTTP/1.1 200 OK] but found [HTTP/1.1 404 Not Found]
	at com.employeeapi.testCases.TC005_Delete_Employee_Record.checkStatusLine(TC005_Delete_Employee_Record.java:75)
]]></failure>
  </testcase>
  <testcase name="checkcontentEncoding" classname="com.employeeapi.testCases.TC005_Delete_Employee_Record" time="0.001"/>
  <testcase name="checkcontentType" classname="com.employeeapi.testCases.TC005_Delete_Employee_Record" time="0.001">
    <failure message="expected [application/json] but found [text/html; charset=iso-8859-1]" type="java.lang.AssertionError"><![CDATA[java.lang.AssertionError: expected [application/json] but found [text/html; charset=iso-8859-1]
	at com.employeeapi.testCases.TC005_Delete_Employee_Record.checkcontentType(TC005_Delete_Employee_Record.java:81)
]]></failure>
  </testcase>
  <testcase name="checkserverType" classname="com.employeeapi.testCases.TC005_Delete_Employee_Record" time="0"/>
</testsuite>