<?xml version="1.0" encoding="UTF-8"?>
<!-- Generated by org.testng.reporters.JUnitReportReporter -->
<testsuite hostname="LAPTOP-C2662250" failures="0" tests="7" name="com.employeeapi.testCases.TC002_Get_Single_Employee_Record" time="0.012" errors="0" timestamp="2022-02-28T12:08:55 PST" skipped="0">
  <testcase classname="com.employeeapi.testCases.TC002_Get_Single_Employee_Record" name="checkStatusCode" time="0.002"/>
  <system-out/>
  <testcase classname="com.employeeapi.testCases.TC002_Get_Single_Employee_Record" name="checkResposeBody" time="0.003"/>
  <system-out/>
  <testcase classname="com.employeeapi.testCases.TC002_Get_Single_Employee_Record" name="checkResponseTime" time="0.002"/>
  <system-out/>
  <testcase classname="com.employeeapi.testCases.TC002_Get_Single_Employee_Record" name="checkContentType" time="0.001"/>
  <system-out/>
  <testcase classname="com.employeeapi.testCases.TC002_Get_Single_Employee_Record" name="checkContentLenght" time="0.002"/>
  <system-out/>
  <testcase classname="com.employeeapi.testCases.TC002_Get_Single_Employee_Record" name="checkserverType" time="0.001"/>
  <system-out/>
  <testcase classname="com.employeeapi.testCases.TC002_Get_Single_Employee_Record" name="checkstatusLine" time="0.001"/>
  <system-out/>
</testsuite> <!-- com.employeeapi.testCases.TC002_Get_Single_Employee_Record -->
